[11-May-2021 11:08:28 UTC] PHP Warning:  Invalid argument supplied for foreach() in C:\Users\RAHUL\Local Sites\fitnessinshorts\app\public\wp-content\plugins\elementor\includes\db.php on line 267
[11-May-2021 11:08:28 UTC] PHP Stack trace:
[11-May-2021 11:08:28 UTC] PHP   1. {main}() C:\Users\RAHUL\Local Sites\fitnessinshorts\app\public\wp-admin\admin-ajax.php:0
[11-May-2021 11:08:28 UTC] PHP   2. do_action() C:\Users\RAHUL\Local Sites\fitnessinshorts\app\public\wp-admin\admin-ajax.php:187
[11-May-2021 11:08:28 UTC] PHP   3. WP_Hook->do_action() C:\Users\RAHUL\Local Sites\fitnessinshorts\app\public\wp-includes\plugin.php:484
[11-May-2021 11:08:28 UTC] PHP   4. WP_Hook->apply_filters() C:\Users\RAHUL\Local Sites\fitnessinshorts\app\public\wp-includes\class-wp-hook.php:316
[11-May-2021 11:08:28 UTC] PHP   5. PremiumAddons\Includes\Addons_Cross_CP->cross_cp_fetch_content_data() C:\Users\RAHUL\Local Sites\fitnessinshorts\app\public\wp-includes\class-wp-hook.php:292
[11-May-2021 11:08:28 UTC] PHP   6. PremiumAddons\Includes\Addons_Cross_CP::cross_cp_import_elements_ids() C:\Users\RAHUL\Local Sites\fitnessinshorts\app\public\wp-content\plugins\premium-addons-for-elementor\includes\addons-cross-cp.php:61
[11-May-2021 11:08:28 UTC] PHP   7. Elementor\DB->iterate_data() C:\Users\RAHUL\Local Sites\fitnessinshorts\app\public\wp-content\plugins\premium-addons-for-elementor\includes\addons-cross-cp.php:81
[11-May-2021 11:08:28 UTC] PHP   8. Elementor\DB->iterate_data() C:\Users\RAHUL\Local Sites\fitnessinshorts\app\public\wp-content\plugins\elementor\includes\db.php:268
[11-May-2021 11:08:28 UTC] PHP Warning:  Invalid argument supplied for foreach() in C:\Users\RAHUL\Local Sites\fitnessinshorts\app\public\wp-content\plugins\elementor\includes\db.php on line 267
[11-May-2021 11:08:28 UTC] PHP Stack trace:
[11-May-2021 11:08:28 UTC] PHP   1. {main}() C:\Users\RAHUL\Local Sites\fitnessinshorts\app\public\wp-admin\admin-ajax.php:0
[11-May-2021 11:08:28 UTC] PHP   2. do_action() C:\Users\RAHUL\Local Sites\fitnessinshorts\app\public\wp-admin\admin-ajax.php:187
[11-May-2021 11:08:28 UTC] PHP   3. WP_Hook->do_action() C:\Users\RAHUL\Local Sites\fitnessinshorts\app\public\wp-includes\plugin.php:484
[11-May-2021 11:08:28 UTC] PHP   4. WP_Hook->apply_filters() C:\Users\RAHUL\Local Sites\fitnessinshorts\app\public\wp-includes\class-wp-hook.php:316
[11-May-2021 11:08:28 UTC] PHP   5. PremiumAddons\Includes\Addons_Cross_CP->cross_cp_fetch_content_data() C:\Users\RAHUL\Local Sites\fitnessinshorts\app\public\wp-includes\class-wp-hook.php:292
[11-May-2021 11:08:28 UTC] PHP   6. PremiumAddons\Includes\Addons_Cross_CP::cross_cp_import_copy_content() C:\Users\RAHUL\Local Sites\fitnessinshorts\app\public\wp-content\plugins\premium-addons-for-elementor\includes\addons-cross-cp.php:62
[11-May-2021 11:08:28 UTC] PHP   7. Elementor\DB->iterate_data() C:\Users\RAHUL\Local Sites\fitnessinshorts\app\public\wp-content\plugins\premium-addons-for-elementor\includes\addons-cross-cp.php:105
[11-May-2021 11:08:28 UTC] PHP   8. Elementor\DB->iterate_data() C:\Users\RAHUL\Local Sites\fitnessinshorts\app\public\wp-content\plugins\elementor\includes\db.php:268
